<?xml version="1.0" encoding="UTF-8"?>
<testng-results skipped="0" failed="0" ignored="0" total="1" passed="1">
  <reporter-output>
    <line>
      <![CDATA[测试用例：【登陆】  文件读取成功!  --------  准备开始测试!
]]>
    </line>
    <line>
      <![CDATA[2018-10-18 :17:37:05  编号  1:  ----------触发-等待页面加载----------成功跑通]]>
    </line>
    <line>
      <![CDATA[2018-10-18 :17:37:06  编号  2:  ----------点击-登陆按钮----------成功跑通]]>
    </line>
    <line>
      <![CDATA[2018-10-18 :17:37:09  编号  3:  ----------检查点-登录----------成功跑通]]>
    </line>
    <line>
      <![CDATA[2018-10-18 :17:37:11  编号  4:  ----------检查点-忘记密码？----------成功跑通]]>
    </line>
    <line>
      <![CDATA[2018-10-18 :17:37:14  编号  5:  ----------检查点-免费注册----------成功跑通]]>
    </line>
    <line>
      <![CDATA[2018-10-18 :17:37:14  编号  6:  ----------点击-手机号输入框----------成功跑通]]>
    </line>
    <line>
      <![CDATA[2018-10-18 :17:37:15  编号  7:  ----------输入-手机号----------成功跑通]]>
    </line>
    <line>
      <![CDATA[2018-10-18 :17:37:16  编号  8:  ----------点击-经销商输入框----------成功跑通]]>
    </line>
    <line>
      <![CDATA[2018-10-18 :17:37:17  编号  9:  ----------输入-经销商名称----------成功跑通]]>
    </line>
    <line>
      <![CDATA[2018-10-18 :17:37:17  编号  10:  ----------点击-登陆按钮----------成功跑通]]>
    </line>
    <line>
      <![CDATA[2018-10-18 :17:37:28  编号  11:  ----------触发-等待页面加载----------成功跑通]]>
    </line>
    <line>
      <![CDATA[2018-10-18 :17:37:28  编号  12:  ----------检查点-首页URL----------成功跑通]]>
    </line>
    <line>
      <![CDATA[测试用例：【蘑盒服务】  文件读取成功!  --------  准备开始测试!
]]>
    </line>
    <line>
      <![CDATA[2018-10-18 :17:37:29  编号  1:  ----------点击-“促销活动”----------成功跑通]]>
    </line>
    <line>
      <![CDATA[2018-10-18 :17:37:35  编号  2:  ----------触发-等待页面加载----------成功跑通]]>
    </line>
    <line>
      <![CDATA[2018-10-18 :17:37:35  编号  3:  ----------检查点-促销活动----------成功跑通]]>
    </line>
    <line>
      <![CDATA[2018-10-18 :17:37:36  编号  4:  ----------点击-蘑盒服务按钮----------成功跑通]]>
    </line>
    <line>
      <![CDATA[2018-10-18 :17:37:41  编号  5:  ----------触发-等待页面加载----------成功跑通]]>
    </line>
    <line>
      <![CDATA[2018-10-18 :17:37:44  编号  6:  ----------检查点-短信模版----------成功跑通]]>
    </line>
    <line>
      <![CDATA[2018-10-18 :17:37:47  编号  7:  ----------检查点-门店蘑盒----------成功跑通]]>
    </line>
    <line>
      <![CDATA[2018-10-18 :17:37:49  编号  8:  ----------检查点-蘑客管理----------成功跑通]]>
    </line>
    <line>
      <![CDATA[2018-10-18 :17:37:52  编号  9:  ----------检查点-短信服务----------成功跑通]]>
    </line>
    <line>
      <![CDATA[2018-10-18 :17:37:54  编号  10:  ----------检查点-短信推送----------成功跑通]]>
    </line>
    <line>
      <![CDATA[2018-10-18 :17:37:55  编号  11:  ----------点击-短信模板按钮----------成功跑通]]>
    </line>
    <line>
      <![CDATA[2018-10-18 :17:37:58  编号  12:  ----------触发-等待页面加载----------成功跑通]]>
    </line>
    <line>
      <![CDATA[2018-10-18 :17:37:59  编号  13:  ----------检查点-短信模板UIL----------成功跑通]]>
    </line>
    <line>
      <![CDATA[2018-10-18 :17:38:02  编号  14:  ----------检查点-新增短信模板按钮----------成功跑通]]>
    </line>
    <line>
      <![CDATA[2018-10-18 :17:38:02  编号  15:  ----------检查点-搜索功能----------成功跑通]]>
    </line>
    <line>
      <![CDATA[2018-10-18 :17:38:05  编号  16:  ----------检查点-状态----------成功跑通]]>
    </line>
    <line>
      <![CDATA[2018-10-18 :17:38:05  编号  17:  ----------点击-状态下拉框按钮----------成功跑通]]>
    </line>
    <line>
      <![CDATA[2018-10-18 :17:38:09  编号  18:  ----------触发-等待页面加载----------成功跑通]]>
    </line>
    <line>
      <![CDATA[2018-10-18 :17:38:11  编号  19:  ----------检查点-全部----------成功跑通]]>
    </line>
    <line>
      <![CDATA[2018-10-18 :17:38:14  编号  20:  ----------检查点-审核中----------成功跑通]]>
    </line>
    <line>
      <![CDATA[2018-10-18 :17:38:16  编号  21:  ----------检查点-审核成功----------成功跑通]]>
    </line>
    <line>
      <![CDATA[2018-10-18 :17:38:19  编号  22:  ----------检查点-审核失败----------成功跑通]]>
    </line>
    <line>
      <![CDATA[2018-10-18 :17:38:20  编号  23:  ----------点击-选择“全部”状态----------成功跑通]]>
    </line>
    <line>
      <![CDATA[2018-10-18 :17:38:20  编号  24:  ----------点击-新增短信模板按钮----------成功跑通]]>
    </line>
    <line>
      <![CDATA[2018-10-18 :17:38:24  编号  25:  ----------触发-等待页面加载----------成功跑通]]>
    </line>
    <line>
      <![CDATA[2018-10-18 :17:38:26  编号  26:  ----------检查点-新增短信模板----------成功跑通]]>
    </line>
    <line>
      <![CDATA[2018-10-18 :17:38:27  编号  27:  ----------点击-模板名称输入框----------成功跑通]]>
    </line>
    <line>
      <![CDATA[2018-10-18 :17:38:28  编号  28:  ----------输入-模板名称----------成功跑通]]>
    </line>
    <line>
      <![CDATA[2018-10-18 :17:38:28  编号  29:  ----------点击-头部内容输入框----------成功跑通]]>
    </line>
    <line>
      <![CDATA[2018-10-18 :17:38:29  编号  30:  ----------输入-头部内容----------成功跑通]]>
    </line>
    <line>
      <![CDATA[2018-10-18 :17:38:30  编号  31:  ----------点击-模板内容输入框----------成功跑通]]>
    </line>
    <line>
      <![CDATA[2018-10-18 :17:38:30  编号  32:  ----------输入-模板内容----------成功跑通]]>
    </line>
    <line>
      <![CDATA[2018-10-18 :17:38:31  编号  33:  ----------点击-插入连接按钮----------成功跑通]]>
    </line>
    <line>
      <![CDATA[2018-10-18 :17:38:35  编号  34:  ----------触发-等待页面加载----------成功跑通]]>
    </line>
    <line>
      <![CDATA[2018-10-18 :17:38:37  编号  35:  ----------检查点-插入连接窗口----------成功跑通]]>
    </line>
    <line>
      <![CDATA[2018-10-18 :17:38:40  编号  36:  ----------检查点-首页----------成功跑通]]>
    </line>
    <line>
      <![CDATA[2018-10-18 :17:38:42  编号  37:  ----------检查点-活动----------成功跑通]]>
    </line>
    <line>
      <![CDATA[2018-10-18 :17:38:45  编号  38:  ----------检查点-案例----------成功跑通]]>
    </line>
    <line>
      <![CDATA[2018-10-18 :17:38:47  编号  39:  ----------检查点-商品----------成功跑通]]>
    </line>
    <line>
      <![CDATA[2018-10-18 :17:38:48  编号  40:  ----------点击-首页----------成功跑通]]>
    </line>
    <line>
      <![CDATA[2018-10-18 :17:38:49  编号  41:  ----------触发-等待页面加载----------成功跑通]]>
    </line>
    <line>
      <![CDATA[2018-10-18 :17:38:49  编号  42:  ----------If如果有ClassName元素----------成功跑通]]>
    </line>
    <line>
      <![CDATA[2018-10-18 :17:38:50  编号  43:  ----------点击-选择第一个门店----------成功跑通]]>
    </line>
    <line>
      <![CDATA[2018-10-18 :17:38:50  编号  44:  ----------IF结束----------成功跑通]]>
    </line>
    <line>
      <![CDATA[2018-10-18 :17:38:51  编号  45:  ----------点击-活动----------成功跑通]]>
    </line>
    <line>
      <![CDATA[2018-10-18 :17:38:54  编号  46:  ----------触发-等待页面加载----------成功跑通]]>
    </line>
    <line>
      <![CDATA[2018-10-18 :17:38:54  编号  47:  ----------If如果有ClassName元素----------成功跑通]]>
    </line>
    <line>
      <![CDATA[2018-10-18 :17:38:55  编号  48:  ----------点击-选择第一个活动----------成功跑通]]>
    </line>
    <line>
      <![CDATA[2018-10-18 :17:38:55  编号  49:  ----------IF结束----------成功跑通]]>
    </line>
    <line>
      <![CDATA[2018-10-18 :17:38:56  编号  50:  ----------点击-案例----------成功跑通]]>
    </line>
    <line>
      <![CDATA[2018-10-18 :17:38:58  编号  51:  ----------触发-等待页面加载----------成功跑通]]>
    </line>
    <line>
      <![CDATA[2018-10-18 :17:38:59  编号  52:  ----------If如果有ClassName元素----------成功跑通]]>
    </line>
    <line>
      <![CDATA[2018-10-18 :17:39:00  编号  53:  ----------点击-选择第一个案例----------成功跑通]]>
    </line>
    <line>
      <![CDATA[2018-10-18 :17:39:00  编号  54:  ----------IF结束----------成功跑通]]>
    </line>
    <line>
      <![CDATA[2018-10-18 :17:39:01  编号  55:  ----------点击-商品----------成功跑通]]>
    </line>
    <line>
      <![CDATA[2018-10-18 :17:39:03  编号  56:  ----------触发-等待页面加载----------成功跑通]]>
    </line>
    <line>
      <![CDATA[2018-10-18 :17:39:04  编号  57:  ----------If如果有ClassName元素----------成功跑通]]>
    </line>
    <line>
      <![CDATA[2018-10-18 :17:39:35  编号  58:  ----------点击-选择第一个商品----------执行失败]]>
    </line>
    <line>
      <![CDATA[2018-10-18 :17:39:36  编号  59:  ----------IF结束----------成功跑通]]>
    </line>
    <line>
      <![CDATA[2018-10-18 :17:39:37  编号  60:  ----------点击-取消按钮----------成功跑通]]>
    </line>
    <line>
      <![CDATA[2018-10-18 :17:39:40  编号  61:  ----------触发-等待页面加载----------成功跑通]]>
    </line>
    <line>
      <![CDATA[2018-10-18 :17:39:41  编号  62:  ----------点击-插入连接按钮----------成功跑通]]>
    </line>
    <line>
      <![CDATA[2018-10-18 :17:39:44  编号  63:  ----------触发-等待页面加载----------成功跑通]]>
    </line>
    <line>
      <![CDATA[2018-10-18 :17:39:47  编号  64:  ----------检查点-插入连接窗口----------成功跑通]]>
    </line>
    <line>
      <![CDATA[2018-10-18 :17:39:49  编号  65:  ----------检查点-首页----------成功跑通]]>
    </line>
    <line>
      <![CDATA[2018-10-18 :17:39:52  编号  66:  ----------检查点-活动----------成功跑通]]>
    </line>
    <line>
      <![CDATA[2018-10-18 :17:39:54  编号  67:  ----------检查点-案例----------成功跑通]]>
    </line>
    <line>
      <![CDATA[2018-10-18 :17:39:57  编号  68:  ----------检查点-商品----------成功跑通]]>
    </line>
    <line>
      <![CDATA[2018-10-18 :17:39:58  编号  69:  ----------点击-首页----------成功跑通]]>
    </line>
    <line>
      <![CDATA[2018-10-18 :17:39:58  编号  70:  ----------触发-等待页面加载----------成功跑通]]>
    </line>
    <line>
      <![CDATA[2018-10-18 :17:39:59  编号  71:  ----------If如果有ClassName元素----------成功跑通]]>
    </line>
    <line>
      <![CDATA[2018-10-18 :17:40:00  编号  72:  ----------点击-选择第一个门店----------成功跑通]]>
    </line>
    <line>
      <![CDATA[2018-10-18 :17:40:00  编号  73:  ----------IF结束----------成功跑通]]>
    </line>
    <line>
      <![CDATA[2018-10-18 :17:40:01  编号  74:  ----------点击-活动----------成功跑通]]>
    </line>
    <line>
      <![CDATA[2018-10-18 :17:40:03  编号  75:  ----------触发-等待页面加载----------成功跑通]]>
    </line>
    <line>
      <![CDATA[2018-10-18 :17:40:04  编号  76:  ----------If如果有ClassName元素----------成功跑通]]>
    </line>
    <line>
      <![CDATA[2018-10-18 :17:40:04  编号  77:  ----------点击-选择第一个活动----------成功跑通]]>
    </line>
    <line>
      <![CDATA[2018-10-18 :17:40:05  编号  78:  ----------IF结束----------成功跑通]]>
    </line>
    <line>
      <![CDATA[2018-10-18 :17:40:05  编号  79:  ----------点击-案例----------成功跑通]]>
    </line>
    <line>
      <![CDATA[2018-10-18 :17:40:08  编号  80:  ----------触发-等待页面加载----------成功跑通]]>
    </line>
    <line>
      <![CDATA[2018-10-18 :17:40:08  编号  81:  ----------If如果有ClassName元素----------成功跑通]]>
    </line>
    <line>
      <![CDATA[2018-10-18 :17:40:09  编号  82:  ----------点击-选择第一个案例----------成功跑通]]>
    </line>
    <line>
      <![CDATA[2018-10-18 :17:40:10  编号  83:  ----------IF结束----------成功跑通]]>
    </line>
    <line>
      <![CDATA[2018-10-18 :17:40:10  编号  84:  ----------点击-商品----------成功跑通]]>
    </line>
    <line>
      <![CDATA[2018-10-18 :17:40:13  编号  85:  ----------触发-等待页面加载----------成功跑通]]>
    </line>
    <line>
      <![CDATA[2018-10-18 :17:40:13  编号  86:  ----------If如果有ClassName元素----------成功跑通]]>
    </line>
    <line>
      <![CDATA[2018-10-18 :17:40:45  编号  87:  ----------点击-选择第一个商品----------执行失败]]>
    </line>
    <line>
      <![CDATA[2018-10-18 :17:40:45  编号  88:  ----------IF结束----------成功跑通]]>
    </line>
    <line>
      <![CDATA[2018-10-18 :17:40:46  编号  89:  ----------点击-确认按钮----------成功跑通]]>
    </line>
    <line>
      <![CDATA[2018-10-18 :17:40:49  编号  90:  ----------触发-等待页面加载----------成功跑通]]>
    </line>
    <line>
      <![CDATA[2018-10-18 :17:40:51  编号  91:  ----------检查点-新增短信模板----------成功跑通]]>
    </line>
    <line>
      <![CDATA[2018-10-18 :17:40:52  编号  92:  ----------点击-确认按钮----------成功跑通]]>
    </line>
    <line>
      <![CDATA[2018-10-18 :17:40:54  编号  93:  ----------检查点-模板新增成功----------成功跑通]]>
    </line>
    <line>
      <![CDATA[2018-10-18 :17:40:58  编号  94:  ----------触发-等待页面加载----------成功跑通]]>
    </line>
    <line>
      <![CDATA[2018-10-18 :17:40:58  编号  95:  ----------检查点-短信模板UIL----------成功跑通]]>
    </line>
    <line>
      <![CDATA[2018-10-18 :17:41:01  编号  96:  ----------检查点-新增短信模板按钮----------成功跑通]]>
    </line>
    <line>
      <![CDATA[2018-10-18 :17:41:02  编号  97:  ----------检查点-搜索功能----------成功跑通]]>
    </line>
    <line>
      <![CDATA[2018-10-18 :17:41:04  编号  98:  ----------检查点-状态----------成功跑通]]>
    </line>
    <line>
      <![CDATA[2018-10-18 :17:41:08  编号  99:  ----------触发-等待页面加载----------成功跑通]]>
    </line>
    <line>
      <![CDATA[2018-10-18 :17:41:08  编号  100:  ----------点击-搜索输----------成功跑通]]>
    </line>
    <line>
      <![CDATA[2018-10-18 :17:41:09  编号  101:  ----------输入-搜索条件----------成功跑通]]>
    </line>
    <line>
      <![CDATA[2018-10-18 :17:41:10  编号  102:  ----------点击-搜索按钮----------成功跑通]]>
    </line>
    <line>
      <![CDATA[2018-10-18 :17:41:13  编号  103:  ----------触发-等待页面加载----------成功跑通]]>
    </line>
    <line>
      <![CDATA[2018-10-18 :17:41:14  编号  104:  ----------If如果有ClassName元素----------成功跑通]]>
    </line>
    <line>
      <![CDATA[2018-10-18 :17:41:14  编号  105:  ----------检查点-修改按钮----------成功跑通]]>
    </line>
    <line>
      <![CDATA[2018-10-18 :17:41:15  编号  106:  ----------检查点-修改按钮----------成功跑通]]>
    </line>
    <line>
      <![CDATA[2018-10-18 :17:41:16  编号  107:  ----------点击-编辑按钮----------成功跑通]]>
    </line>
    <line>
      <![CDATA[2018-10-18 :17:41:18  编号  108:  ----------检查点-修改短信模板窗口----------成功跑通]]>
    </line>
    <line>
      <![CDATA[2018-10-18 :17:41:19  编号  109:  ----------检查点-页面文本对比----------执行失败]]>
    </line>
    <line>
      <![CDATA[2018-10-18 :17:41:20  编号  110:  ----------检查点-页面文本对比----------执行失败]]>
    </line>
    <line>
      <![CDATA[2018-10-18 :17:41:51  编号  111:  ----------点击-取消按钮----------执行失败]]>
    </line>
    <line>
      <![CDATA[2018-10-18 :17:41:54  编号  112:  ----------触发-等待页面加载----------成功跑通]]>
    </line>
    <line>
      <![CDATA[2018-10-18 :17:41:55  编号  113:  ----------点击-删除按钮----------执行失败]]>
    </line>
    <line>
      <![CDATA[2018-10-18 :17:41:59  编号  114:  ----------触发-等待页面加载----------成功跑通]]>
    </line>
    <line>
      <![CDATA[2018-10-18 :17:42:30  编号  115:  ----------检查点-提示窗口----------执行失败]]>
    </line>
    <line>
      <![CDATA[2018-10-18 :17:42:33  编号  116:  ----------检查点-提示文字----------执行失败]]>
    </line>
  </reporter-output>
  <suite name="Default suite" duration-ms="350605" started-at="2018-10-18T09:36:52Z" finished-at="2018-10-18T09:42:42Z">
    <groups>
    </groups>
    <test name="Default test" duration-ms="350605" started-at="2018-10-18T09:36:52Z" finished-at="2018-10-18T09:42:42Z">
      <class name="com.Dayu.www.allCaseTest">
        <test-method status="PASS" signature="setUp()[pri:0, instance:com.Dayu.www.allCaseTest@704d6e83]" name="setUp" is-config="true" duration-ms="9762" started-at="2018-10-18T09:36:52Z" finished-at="2018-10-18T09:37:02Z">
          <reporter-output>
          </reporter-output>
        </test-method> <!-- setUp -->
        <test-method status="PASS" signature="test2()[pri:0, instance:com.Dayu.www.allCaseTest@704d6e83]" name="test2" duration-ms="340819" started-at="2018-10-18T09:37:02Z" finished-at="2018-10-18T09:42:42Z">
          <reporter-output>
            <line>
              <![CDATA[测试用例：【登陆】  文件读取成功!  --------  准备开始测试!
]]>
            </line>
            <line>
              <![CDATA[2018-10-18 :17:37:05  编号  1:  ----------触发-等待页面加载----------成功跑通]]>
            </line>
            <line>
              <![CDATA[2018-10-18 :17:37:06  编号  2:  ----------点击-登陆按钮----------成功跑通]]>
            </line>
            <line>
              <![CDATA[2018-10-18 :17:37:09  编号  3:  ----------检查点-登录----------成功跑通]]>
            </line>
            <line>
              <![CDATA[2018-10-18 :17:37:11  编号  4:  ----------检查点-忘记密码？----------成功跑通]]>
            </line>
            <line>
              <![CDATA[2018-10-18 :17:37:14  编号  5:  ----------检查点-免费注册----------成功跑通]]>
            </line>
            <line>
              <![CDATA[2018-10-18 :17:37:14  编号  6:  ----------点击-手机号输入框----------成功跑通]]>
            </line>
            <line>
              <![CDATA[2018-10-18 :17:37:15  编号  7:  ----------输入-手机号----------成功跑通]]>
            </line>
            <line>
              <![CDATA[2018-10-18 :17:37:16  编号  8:  ----------点击-经销商输入框----------成功跑通]]>
            </line>
            <line>
              <![CDATA[2018-10-18 :17:37:17  编号  9:  ----------输入-经销商名称----------成功跑通]]>
            </line>
            <line>
              <![CDATA[2018-10-18 :17:37:17  编号  10:  ----------点击-登陆按钮----------成功跑通]]>
            </line>
            <line>
              <![CDATA[2018-10-18 :17:37:28  编号  11:  ----------触发-等待页面加载----------成功跑通]]>
            </line>
            <line>
              <![CDATA[2018-10-18 :17:37:28  编号  12:  ----------检查点-首页URL----------成功跑通]]>
            </line>
            <line>
              <![CDATA[测试用例：【蘑盒服务】  文件读取成功!  --------  准备开始测试!
]]>
            </line>
            <line>
              <![CDATA[2018-10-18 :17:37:29  编号  1:  ----------点击-“促销活动”----------成功跑通]]>
            </line>
            <line>
              <![CDATA[2018-10-18 :17:37:35  编号  2:  ----------触发-等待页面加载----------成功跑通]]>
            </line>
            <line>
              <![CDATA[2018-10-18 :17:37:35  编号  3:  ----------检查点-促销活动----------成功跑通]]>
            </line>
            <line>
              <![CDATA[2018-10-18 :17:37:36  编号  4:  ----------点击-蘑盒服务按钮----------成功跑通]]>
            </line>
            <line>
              <![CDATA[2018-10-18 :17:37:41  编号  5:  ----------触发-等待页面加载----------成功跑通]]>
            </line>
            <line>
              <![CDATA[2018-10-18 :17:37:44  编号  6:  ----------检查点-短信模版----------成功跑通]]>
            </line>
            <line>
              <![CDATA[2018-10-18 :17:37:47  编号  7:  ----------检查点-门店蘑盒----------成功跑通]]>
            </line>
            <line>
              <![CDATA[2018-10-18 :17:37:49  编号  8:  ----------检查点-蘑客管理----------成功跑通]]>
            </line>
            <line>
              <![CDATA[2018-10-18 :17:37:52  编号  9:  ----------检查点-短信服务----------成功跑通]]>
            </line>
            <line>
              <![CDATA[2018-10-18 :17:37:54  编号  10:  ----------检查点-短信推送----------成功跑通]]>
            </line>
            <line>
              <![CDATA[2018-10-18 :17:37:55  编号  11:  ----------点击-短信模板按钮----------成功跑通]]>
            </line>
            <line>
              <![CDATA[2018-10-18 :17:37:58  编号  12:  ----------触发-等待页面加载----------成功跑通]]>
            </line>
            <line>
              <![CDATA[2018-10-18 :17:37:59  编号  13:  ----------检查点-短信模板UIL----------成功跑通]]>
            </line>
            <line>
              <![CDATA[2018-10-18 :17:38:02  编号  14:  ----------检查点-新增短信模板按钮----------成功跑通]]>
            </line>
            <line>
              <![CDATA[2018-10-18 :17:38:02  编号  15:  ----------检查点-搜索功能----------成功跑通]]>
            </line>
            <line>
              <![CDATA[2018-10-18 :17:38:05  编号  16:  ----------检查点-状态----------成功跑通]]>
            </line>
            <line>
              <![CDATA[2018-10-18 :17:38:05  编号  17:  ----------点击-状态下拉框按钮----------成功跑通]]>
            </line>
            <line>
              <![CDATA[2018-10-18 :17:38:09  编号  18:  ----------触发-等待页面加载----------成功跑通]]>
            </line>
            <line>
              <![CDATA[2018-10-18 :17:38:11  编号  19:  ----------检查点-全部----------成功跑通]]>
            </line>
            <line>
              <![CDATA[2018-10-18 :17:38:14  编号  20:  ----------检查点-审核中----------成功跑通]]>
            </line>
            <line>
              <![CDATA[2018-10-18 :17:38:16  编号  21:  ----------检查点-审核成功----------成功跑通]]>
            </line>
            <line>
              <![CDATA[2018-10-18 :17:38:19  编号  22:  ----------检查点-审核失败----------成功跑通]]>
            </line>
            <line>
              <![CDATA[2018-10-18 :17:38:20  编号  23:  ----------点击-选择“全部”状态----------成功跑通]]>
            </line>
            <line>
              <![CDATA[2018-10-18 :17:38:20  编号  24:  ----------点击-新增短信模板按钮----------成功跑通]]>
            </line>
            <line>
              <![CDATA[2018-10-18 :17:38:24  编号  25:  ----------触发-等待页面加载----------成功跑通]]>
            </line>
            <line>
              <![CDATA[2018-10-18 :17:38:26  编号  26:  ----------检查点-新增短信模板----------成功跑通]]>
            </line>
            <line>
              <![CDATA[2018-10-18 :17:38:27  编号  27:  ----------点击-模板名称输入框----------成功跑通]]>
            </line>
            <line>
              <![CDATA[2018-10-18 :17:38:28  编号  28:  ----------输入-模板名称----------成功跑通]]>
            </line>
            <line>
              <![CDATA[2018-10-18 :17:38:28  编号  29:  ----------点击-头部内容输入框----------成功跑通]]>
            </line>
            <line>
              <![CDATA[2018-10-18 :17:38:29  编号  30:  ----------输入-头部内容----------成功跑通]]>
            </line>
            <line>
              <![CDATA[2018-10-18 :17:38:30  编号  31:  ----------点击-模板内容输入框----------成功跑通]]>
            </line>
            <line>
              <![CDATA[2018-10-18 :17:38:30  编号  32:  ----------输入-模板内容----------成功跑通]]>
            </line>
            <line>
              <![CDATA[2018-10-18 :17:38:31  编号  33:  ----------点击-插入连接按钮----------成功跑通]]>
            </line>
            <line>
              <![CDATA[2018-10-18 :17:38:35  编号  34:  ----------触发-等待页面加载----------成功跑通]]>
            </line>
            <line>
              <![CDATA[2018-10-18 :17:38:37  编号  35:  ----------检查点-插入连接窗口----------成功跑通]]>
            </line>
            <line>
              <![CDATA[2018-10-18 :17:38:40  编号  36:  ----------检查点-首页----------成功跑通]]>
            </line>
            <line>
              <![CDATA[2018-10-18 :17:38:42  编号  37:  ----------检查点-活动----------成功跑通]]>
            </line>
            <line>
              <![CDATA[2018-10-18 :17:38:45  编号  38:  ----------检查点-案例----------成功跑通]]>
            </line>
            <line>
              <![CDATA[2018-10-18 :17:38:47  编号  39:  ----------检查点-商品----------成功跑通]]>
            </line>
            <line>
              <![CDATA[2018-10-18 :17:38:48  编号  40:  ----------点击-首页----------成功跑通]]>
            </line>
            <line>
              <![CDATA[2018-10-18 :17:38:49  编号  41:  ----------触发-等待页面加载----------成功跑通]]>
            </line>
            <line>
              <![CDATA[2018-10-18 :17:38:49  编号  42:  ----------If如果有ClassName元素----------成功跑通]]>
            </line>
            <line>
              <![CDATA[2018-10-18 :17:38:50  编号  43:  ----------点击-选择第一个门店----------成功跑通]]>
            </line>
            <line>
              <![CDATA[2018-10-18 :17:38:50  编号  44:  ----------IF结束----------成功跑通]]>
            </line>
            <line>
              <![CDATA[2018-10-18 :17:38:51  编号  45:  ----------点击-活动----------成功跑通]]>
            </line>
            <line>
              <![CDATA[2018-10-18 :17:38:54  编号  46:  ----------触发-等待页面加载----------成功跑通]]>
            </line>
            <line>
              <![CDATA[2018-10-18 :17:38:54  编号  47:  ----------If如果有ClassName元素----------成功跑通]]>
            </line>
            <line>
              <![CDATA[2018-10-18 :17:38:55  编号  48:  ----------点击-选择第一个活动----------成功跑通]]>
            </line>
            <line>
              <![CDATA[2018-10-18 :17:38:55  编号  49:  ----------IF结束----------成功跑通]]>
            </line>
            <line>
              <![CDATA[2018-10-18 :17:38:56  编号  50:  ----------点击-案例----------成功跑通]]>
            </line>
            <line>
              <![CDATA[2018-10-18 :17:38:58  编号  51:  ----------触发-等待页面加载----------成功跑通]]>
            </line>
            <line>
              <![CDATA[2018-10-18 :17:38:59  编号  52:  ----------If如果有ClassName元素----------成功跑通]]>
            </line>
            <line>
              <![CDATA[2018-10-18 :17:39:00  编号  53:  ----------点击-选择第一个案例----------成功跑通]]>
            </line>
            <line>
              <![CDATA[2018-10-18 :17:39:00  编号  54:  ----------IF结束----------成功跑通]]>
            </line>
            <line>
              <![CDATA[2018-10-18 :17:39:01  编号  55:  ----------点击-商品----------成功跑通]]>
            </line>
            <line>
              <![CDATA[2018-10-18 :17:39:03  编号  56:  ----------触发-等待页面加载----------成功跑通]]>
            </line>
            <line>
              <![CDATA[2018-10-18 :17:39:04  编号  57:  ----------If如果有ClassName元素----------成功跑通]]>
            </line>
            <line>
              <![CDATA[2018-10-18 :17:39:35  编号  58:  ----------点击-选择第一个商品----------执行失败]]>
            </line>
            <line>
              <![CDATA[2018-10-18 :17:39:36  编号  59:  ----------IF结束----------成功跑通]]>
            </line>
            <line>
              <![CDATA[2018-10-18 :17:39:37  编号  60:  ----------点击-取消按钮----------成功跑通]]>
            </line>
            <line>
              <![CDATA[2018-10-18 :17:39:40  编号  61:  ----------触发-等待页面加载----------成功跑通]]>
            </line>
            <line>
              <![CDATA[2018-10-18 :17:39:41  编号  62:  ----------点击-插入连接按钮----------成功跑通]]>
            </line>
            <line>
              <![CDATA[2018-10-18 :17:39:44  编号  63:  ----------触发-等待页面加载----------成功跑通]]>
            </line>
            <line>
              <![CDATA[2018-10-18 :17:39:47  编号  64:  ----------检查点-插入连接窗口----------成功跑通]]>
            </line>
            <line>
              <![CDATA[2018-10-18 :17:39:49  编号  65:  ----------检查点-首页----------成功跑通]]>
            </line>
            <line>
              <![CDATA[2018-10-18 :17:39:52  编号  66:  ----------检查点-活动----------成功跑通]]>
            </line>
            <line>
              <![CDATA[2018-10-18 :17:39:54  编号  67:  ----------检查点-案例----------成功跑通]]>
            </line>
            <line>
              <![CDATA[2018-10-18 :17:39:57  编号  68:  ----------检查点-商品----------成功跑通]]>
            </line>
            <line>
              <![CDATA[2018-10-18 :17:39:58  编号  69:  ----------点击-首页----------成功跑通]]>
            </line>
            <line>
              <![CDATA[2018-10-18 :17:39:58  编号  70:  ----------触发-等待页面加载----------成功跑通]]>
            </line>
            <line>
              <![CDATA[2018-10-18 :17:39:59  编号  71:  ----------If如果有ClassName元素----------成功跑通]]>
            </line>
            <line>
              <![CDATA[2018-10-18 :17:40:00  编号  72:  ----------点击-选择第一个门店----------成功跑通]]>
            </line>
            <line>
              <![CDATA[2018-10-18 :17:40:00  编号  73:  ----------IF结束----------成功跑通]]>
            </line>
            <line>
              <![CDATA[2018-10-18 :17:40:01  编号  74:  ----------点击-活动----------成功跑通]]>
            </line>
            <line>
              <![CDATA[2018-10-18 :17:40:03  编号  75:  ----------触发-等待页面加载----------成功跑通]]>
            </line>
            <line>
              <![CDATA[2018-10-18 :17:40:04  编号  76:  ----------If如果有ClassName元素----------成功跑通]]>
            </line>
            <line>
              <![CDATA[2018-10-18 :17:40:04  编号  77:  ----------点击-选择第一个活动----------成功跑通]]>
            </line>
            <line>
              <![CDATA[2018-10-18 :17:40:05  编号  78:  ----------IF结束----------成功跑通]]>
            </line>
            <line>
              <![CDATA[2018-10-18 :17:40:05  编号  79:  ----------点击-案例----------成功跑通]]>
            </line>
            <line>
              <![CDATA[2018-10-18 :17:40:08  编号  80:  ----------触发-等待页面加载----------成功跑通]]>
            </line>
            <line>
              <![CDATA[2018-10-18 :17:40:08  编号  81:  ----------If如果有ClassName元素----------成功跑通]]>
            </line>
            <line>
              <![CDATA[2018-10-18 :17:40:09  编号  82:  ----------点击-选择第一个案例----------成功跑通]]>
            </line>
            <line>
              <![CDATA[2018-10-18 :17:40:10  编号  83:  ----------IF结束----------成功跑通]]>
            </line>
            <line>
              <![CDATA[2018-10-18 :17:40:10  编号  84:  ----------点击-商品----------成功跑通]]>
            </line>
            <line>
              <![CDATA[2018-10-18 :17:40:13  编号  85:  ----------触发-等待页面加载----------成功跑通]]>
            </line>
            <line>
              <![CDATA[2018-10-18 :17:40:13  编号  86:  ----------If如果有ClassName元素----------成功跑通]]>
            </line>
            <line>
              <![CDATA[2018-10-18 :17:40:45  编号  87:  ----------点击-选择第一个商品----------执行失败]]>
            </line>
            <line>
              <![CDATA[2018-10-18 :17:40:45  编号  88:  ----------IF结束----------成功跑通]]>
            </line>
            <line>
              <![CDATA[2018-10-18 :17:40:46  编号  89:  ----------点击-确认按钮----------成功跑通]]>
            </line>
            <line>
              <![CDATA[2018-10-18 :17:40:49  编号  90:  ----------触发-等待页面加载----------成功跑通]]>
            </line>
            <line>
              <![CDATA[2018-10-18 :17:40:51  编号  91:  ----------检查点-新增短信模板----------成功跑通]]>
            </line>
            <line>
              <![CDATA[2018-10-18 :17:40:52  编号  92:  ----------点击-确认按钮----------成功跑通]]>
            </line>
            <line>
              <![CDATA[2018-10-18 :17:40:54  编号  93:  ----------检查点-模板新增成功----------成功跑通]]>
            </line>
            <line>
              <![CDATA[2018-10-18 :17:40:58  编号  94:  ----------触发-等待页面加载----------成功跑通]]>
            </line>
            <line>
              <![CDATA[2018-10-18 :17:40:58  编号  95:  ----------检查点-短信模板UIL----------成功跑通]]>
            </line>
            <line>
              <![CDATA[2018-10-18 :17:41:01  编号  96:  ----------检查点-新增短信模板按钮----------成功跑通]]>
            </line>
            <line>
              <![CDATA[2018-10-18 :17:41:02  编号  97:  ----------检查点-搜索功能----------成功跑通]]>
            </line>
            <line>
              <![CDATA[2018-10-18 :17:41:04  编号  98:  ----------检查点-状态----------成功跑通]]>
            </line>
            <line>
              <![CDATA[2018-10-18 :17:41:08  编号  99:  ----------触发-等待页面加载----------成功跑通]]>
            </line>
            <line>
              <![CDATA[2018-10-18 :17:41:08  编号  100:  ----------点击-搜索输----------成功跑通]]>
            </line>
            <line>
              <![CDATA[2018-10-18 :17:41:09  编号  101:  ----------输入-搜索条件----------成功跑通]]>
            </line>
            <line>
              <![CDATA[2018-10-18 :17:41:10  编号  102:  ----------点击-搜索按钮----------成功跑通]]>
            </line>
            <line>
              <![CDATA[2018-10-18 :17:41:13  编号  103:  ----------触发-等待页面加载----------成功跑通]]>
            </line>
            <line>
              <![CDATA[2018-10-18 :17:41:14  编号  104:  ----------If如果有ClassName元素----------成功跑通]]>
            </line>
            <line>
              <![CDATA[2018-10-18 :17:41:14  编号  105:  ----------检查点-修改按钮----------成功跑通]]>
            </line>
            <line>
              <![CDATA[2018-10-18 :17:41:15  编号  106:  ----------检查点-修改按钮----------成功跑通]]>
            </line>
            <line>
              <![CDATA[2018-10-18 :17:41:16  编号  107:  ----------点击-编辑按钮----------成功跑通]]>
            </line>
            <line>
              <![CDATA[2018-10-18 :17:41:18  编号  108:  ----------检查点-修改短信模板窗口----------成功跑通]]>
            </line>
            <line>
              <![CDATA[2018-10-18 :17:41:19  编号  109:  ----------检查点-页面文本对比----------执行失败]]>
            </line>
            <line>
              <![CDATA[2018-10-18 :17:41:20  编号  110:  ----------检查点-页面文本对比----------执行失败]]>
            </line>
            <line>
              <![CDATA[2018-10-18 :17:41:51  编号  111:  ----------点击-取消按钮----------执行失败]]>
            </line>
            <line>
              <![CDATA[2018-10-18 :17:41:54  编号  112:  ----------触发-等待页面加载----------成功跑通]]>
            </line>
            <line>
              <![CDATA[2018-10-18 :17:41:55  编号  113:  ----------点击-删除按钮----------执行失败]]>
            </line>
            <line>
              <![CDATA[2018-10-18 :17:41:59  编号  114:  ----------触发-等待页面加载----------成功跑通]]>
            </line>
            <line>
              <![CDATA[2018-10-18 :17:42:30  编号  115:  ----------检查点-提示窗口----------执行失败]]>
            </line>
            <line>
              <![CDATA[2018-10-18 :17:42:33  编号  116:  ----------检查点-提示文字----------执行失败]]>
            </line>
          </reporter-output>
        </test-method> <!-- test2 -->
        <test-method status="PASS" signature="tearDown()[pri:0, instance:com.Dayu.www.allCaseTest@704d6e83]" name="tearDown" is-config="true" duration-ms="1" started-at="2018-10-18T09:42:42Z" finished-at="2018-10-18T09:42:42Z">
          <reporter-output>
          </reporter-output>
        </test-method> <!-- tearDown -->
      </class> <!-- com.Dayu.www.allCaseTest -->
    </test> <!-- Default test -->
  </suite> <!-- Default suite -->
</testng-results>
